<?xml version="1.0" encoding="UTF-8"?>
<testng-results ignored="0" total="2" passed="2" failed="0" skipped="0">
  <reporter-output>
  </reporter-output>
  <suite started-at="2025-04-06T23:07:29 GMT+07:00" name="Surefire suite" finished-at="2025-04-06T23:07:29 GMT+07:00" duration-ms="65">
    <groups>
    </groups>
    <test started-at="2025-04-06T23:07:29 GMT+07:00" name="Surefire test" finished-at="2025-04-06T23:07:29 GMT+07:00" duration-ms="65">
      <class name="org.example.TestCaculator">
        <test-method signature="testSub()[pri:0, instance:org.example.TestCaculator@7b227d8d]" started-at="2025-04-06T23:07:29 GMT+07:00" name="testSub" finished-at="2025-04-06T23:07:29 GMT+07:00" duration-ms="12" status="PASS">
          <reporter-output>
          </reporter-output>
        </test-method> <!-- testSub -->
        <test-method signature="testSum()[pri:0, instance:org.example.TestCaculator@7b227d8d]" started-at="2025-04-06T23:07:29 GMT+07:00" name="testSum" finished-at="2025-04-06T23:07:29 GMT+07:00" duration-ms="1" status="PASS">
          <reporter-output>
          </reporter-output>
        </test-method> <!-- testSum -->
      </class> <!-- org.example.TestCaculator -->
    </test> <!-- Surefire test -->
  </suite> <!-- Surefire suite -->
</testng-results>
